#
# A fatal error has been detected by the Java Runtime Environment:
#
#  Internal Error (javaCalls.cpp:51), pid=30900, tid=0x0000000000006c5c
#  guarantee(thread->is_Java_thread()) failed: crucial check - the VM thread cannot and must not escape to Java code
#
# JRE version: Java(TM) SE Runtime Environment (8.0_212-b10) (build 1.8.0_212-b10)
# Java VM: Java HotSpot(TM) 64-Bit Server VM (25.212-b10 mixed mode windows-amd64 compressed oops)
# Failed to write core dump. Minidumps are not enabled by default on client versions of Windows
#
# If you would like to submit a bug report, please visit:
#   http://bugreport.java.com/bugreport/crash.jsp
#

---------------  T H R E A D  ---------------

Current thread (0x000000001a107800):  VMThread [stack: 0x000000001b190000,0x000000001b290000] [id=27740]

Stack: [0x000000001b190000,0x000000001b290000]
[error occurred during error reporting (printing stack bounds), id 0xc0000005]

Native frames: (J=compiled Java code, j=interpreted, Vv=VM code, C=native code)

VM_Operation (0x000000001bb8f670): GetOrSetLocal, mode: safepoint, requested by thread 0x000000001b691800


---------------  P R O C E S S  ---------------

Java Threads: ( => current thread )
  0x000000001b79e000 JavaThread "Service Thread" daemon [_thread_blocked, id=32352, stack(0x000000001c090000,0x000000001c190000)]
  0x000000001b785000 JavaThread "C1 CompilerThread2" daemon [_thread_blocked, id=6024, stack(0x000000001bf90000,0x000000001c090000)]
  0x000000001b738000 JavaThread "C2 CompilerThread1" daemon [_thread_blocked, id=34028, stack(0x000000001be90000,0x000000001bf90000)]
  0x000000001b729000 JavaThread "C2 CompilerThread0" daemon [_thread_blocked, id=35592, stack(0x000000001bd90000,0x000000001be90000)]
  0x000000001b6a6000 JavaThread "JDWP Command Reader" daemon [_thread_in_native, id=8656, stack(0x000000001bc90000,0x000000001bd90000)]
  0x000000001b6a4800 JavaThread "JDWP Event Helper Thread" daemon [_thread_blocked, id=29292, stack(0x000000001bb90000,0x000000001bc90000)]
  0x000000001b691800 JavaThread "JDWP Transport Listener: dt_socket" daemon [_thread_blocked, id=32560, stack(0x000000001ba90000,0x000000001bb90000)]
  0x000000001a19b000 JavaThread "Attach Listener" daemon [_thread_blocked, id=5636, stack(0x000000001b590000,0x000000001b690000)]
  0x000000001a19a800 JavaThread "Signal Dispatcher" daemon [_thread_blocked, id=22984, stack(0x000000001b490000,0x000000001b590000)]
  0x000000000308b800 JavaThread "Finalizer" daemon [_thread_blocked, id=15952, stack(0x000000001b390000,0x000000001b490000)]
  0x0000000003083000 JavaThread "Reference Handler" daemon [_thread_blocked, id=35756, stack(0x000000001b290000,0x000000001b390000)]
  0x0000000002f92800 JavaThread "main" [_thread_blocked, id=32948, stack(0x0000000002870000,0x0000000002970000)]

Other Threads:
=>0x000000001a107800 VMThread [stack: 0x000000001b190000,0x000000001b290000] [id=27740]
  0x000000001b81c800 WatcherThread [stack: 0x000000001c190000,0x000000001c290000] [id=27772]

VM state:at safepoint (normal execution)

VM Mutex/Monitor currently owned by a thread:  ([mutex/lock_event])
[0x0000000000f9d9a0] Threads_lock - owner thread: 0x000000001a107800

heap address: 0x0000000701600000, size: 3050 MB, Compressed Oops mode: Zero based, Oop shift amount: 3
Narrow klass base: 0x0000000000000000, Narrow klass shift: 3
Compressed class space size: 1073741824 Address: 0x00000007c0000000

Heap:
 PSYoungGen      total 57344K, used 6904K [0x0000000780780000, 0x0000000784780000, 0x00000007c0000000)
  eden space 49152K, 14% used [0x0000000780780000,0x0000000780e3e008,0x0000000783780000)
  from space 8192K, 0% used [0x0000000783f80000,0x0000000783f80000,0x0000000784780000)
  to   space 8192K, 0% used [0x0000000783780000,0x0000000783780000,0x0000000783f80000)
 ParOldGen       total 131072K, used 0K [0x0000000701600000, 0x0000000709600000, 0x0000000780780000)
  object space 131072K, 0% used [0x0000000701600000,0x0000000701600000,0x0000000709600000)
 Metaspace       used 4777K, capacity 4930K, committed 5248K, reserved 1056768K
  class space    used 514K, capacity 561K, committed 640K, reserved 1048576K

Card table byte_map: [0x0000000012450000,0x0000000012a50000] byte_map_base: 0x000000000ec45000

Marking Bits: (ParMarkBitMap*) 0x000000006b685ce0
 Begin Bits: [0x0000000013250000, 0x00000000161f8000)
 End Bits:   [0x00000000161f8000, 0x00000000191a0000)

Polling page: 0x00000000009f0000

CodeCache: size=245760Kb used=1337Kb max_used=1340Kb free=244422Kb
 bounds [0x0000000003090000, 0x0000000003300000, 0x0000000012090000]
 total_blobs=398 nmethods=111 adapters=208
 compilation: enabled

Compilation events (10 events):
Event: 42.508 Thread 0x000000001b785000  107       3       org.eclipse.jdt.launching.internal.org.objectweb.asm.ByteVector::putByte (39 bytes)
Event: 42.508 Thread 0x000000001b785000 nmethod 107 0x00000000031de410 code [0x00000000031de580, 0x00000000031de7c8]
Event: 282.185 Thread 0x000000001b785000  108       3       org.eclipse.jdt.launching.internal.org.objectweb.asm.SymbolTable::get (13 bytes)
Event: 282.186 Thread 0x000000001b785000 nmethod 108 0x00000000031de010 code [0x00000000031de160, 0x00000000031de310]
Event: 282.186 Thread 0x000000001b785000  109       3       org.eclipse.jdt.launching.internal.org.objectweb.asm.ClassReader::readUTF8 (23 bytes)
Event: 282.186 Thread 0x000000001b785000 nmethod 109 0x00000000031dd990 code [0x00000000031ddb00, 0x00000000031dde68]
Event: 282.186 Thread 0x000000001b785000  110       3       org.eclipse.jdt.launching.internal.org.objectweb.asm.ClassReader::readUtf (44 bytes)
Event: 282.187 Thread 0x000000001b785000 nmethod 110 0x00000000031dcfd0 code [0x00000000031dd160, 0x00000000031dd608]
Event: 282.187 Thread 0x000000001b785000  111       3       org.eclipse.jdt.launching.internal.org.objectweb.asm.SymbolTable::hash (10 bytes)
Event: 282.187 Thread 0x000000001b785000 nmethod 111 0x00000000031dcb90 code [0x00000000031dcd00, 0x00000000031dcf08]

GC Heap History (0 events):
No events

Deoptimization events (0 events):
No events

Classes redefined (2 events):
Event: 42.509 Thread 0x000000001a107800 redefined class name=algorithm.sorting.quickSort.QuickSort, count=1
Event: 282.187 Thread 0x000000001a107800 redefined class name=algorithm.sorting.quickSort.QuickSort, count=2

Internal exceptions (2 events):
Event: 0.093 Thread 0x0000000002f92800 Exception <a 'java/lang/NoSuchMethodError': Method sun.misc.Unsafe.defineClass(Ljava/lang/String;[BII)Ljava/lang/Class; name or signature does not match> (0x0000000780787cb0) thrown at [C:\re\workspace\8-2-build-windows-amd64-cygwin\jdk8u212\12974\hotspot
Event: 0.093 Thread 0x0000000002f92800 Exception <a 'java/lang/NoSuchMethodError': Method sun.misc.Unsafe.prefetchRead(Ljava/lang/Object;J)V name or signature does not match> (0x0000000780787f98) thrown at [C:\re\workspace\8-2-build-windows-amd64-cygwin\jdk8u212\12974\hotspot\src\share\vm\prim

Events (10 events):
Event: 282.253 Executing VM operation: GetCurrentContendedMonitor done
Event: 282.254 Executing VM operation: GetOwnedMonitorInfo
Event: 282.254 Executing VM operation: GetOwnedMonitorInfo done
Event: 282.254 Executing VM operation: GetCurrentContendedMonitor
Event: 282.254 Executing VM operation: GetCurrentContendedMonitor done
Event: 282.254 Executing VM operation: GetCurrentContendedMonitor
Event: 282.254 Executing VM operation: GetCurrentContendedMonitor done
Event: 282.254 Executing VM operation: GetOwnedMonitorInfo
Event: 282.254 Executing VM operation: GetOwnedMonitorInfo done
Event: 282.501 Executing VM operation: GetOrSetLocal


Dynamic libraries:
0x00007ff69cae0000 - 0x00007ff69cb17000 	C:\Program Files\Java\jre1.8.0_212\bin\javaw.exe
0x00007fff0a130000 - 0x00007fff0a324000 	C:\WINDOWS\SYSTEM32\ntdll.dll
0x00007fff096f0000 - 0x00007fff097ad000 	C:\WINDOWS\System32\KERNEL32.DLL
0x00007fff07950000 - 0x00007fff07c17000 	C:\WINDOWS\System32\KERNELBASE.dll
0x00007fff08380000 - 0x00007fff0842a000 	C:\WINDOWS\System32\ADVAPI32.dll
0x00007fff08890000 - 0x00007fff0892e000 	C:\WINDOWS\System32\msvcrt.dll
0x00007fff081a0000 - 0x00007fff0823b000 	C:\WINDOWS\System32\sechost.dll
0x00007fff08b10000 - 0x00007fff08c33000 	C:\WINDOWS\System32\RPCRT4.dll
0x00007fff08540000 - 0x00007fff086e0000 	C:\WINDOWS\System32\USER32.dll
0x00007fff07c20000 - 0x00007fff07c42000 	C:\WINDOWS\System32\win32u.dll
0x00007fff096c0000 - 0x00007fff096ea000 	C:\WINDOWS\System32\GDI32.dll
0x00007fff07c50000 - 0x00007fff07d5a000 	C:\WINDOWS\System32\gdi32full.dll
0x00007fff07e60000 - 0x00007fff07efd000 	C:\WINDOWS\System32\msvcp_win.dll
0x00007fff07d60000 - 0x00007fff07e60000 	C:\WINDOWS\System32\ucrtbase.dll
0x00007ffef61b0000 - 0x00007ffef644a000 	C:\WINDOWS\WinSxS\amd64_microsoft.windows.common-controls_6595b64144ccf1df_6.0.19041.1_none_b555e41d4684ddec\COMCTL32.dll
0x00007fff08350000 - 0x00007fff08380000 	C:\WINDOWS\System32\IMM32.DLL
0x000000006ad80000 - 0x000000006ae52000 	C:\Program Files\Java\jre1.8.0_212\bin\msvcr100.dll
0x000000006ae60000 - 0x000000006b705000 	C:\Program Files\Java\jre1.8.0_212\bin\server\jvm.dll
0x00007fff08190000 - 0x00007fff08198000 	C:\WINDOWS\System32\PSAPI.DLL
0x00007ffef0fd0000 - 0x00007ffef0fd9000 	C:\WINDOWS\SYSTEM32\WSOCK32.dll
0x00007fff08c40000 - 0x00007fff08cab000 	C:\WINDOWS\System32\WS2_32.dll
0x00007ffef7800000 - 0x00007ffef7827000 	C:\WINDOWS\SYSTEM32\WINMM.dll
0x00007ffefd7b0000 - 0x00007ffefd7ba000 	C:\WINDOWS\SYSTEM32\VERSION.dll
0x00007ffefe240000 - 0x00007ffefe24f000 	C:\Program Files\Java\jre1.8.0_212\bin\verify.dll
0x00007ffefd1b0000 - 0x00007ffefd1d9000 	C:\Program Files\Java\jre1.8.0_212\bin\java.dll
0x00007ffef9cd0000 - 0x00007ffef9d05000 	C:\Program Files\Java\jre1.8.0_212\bin\jdwp.dll
0x00007fff04f50000 - 0x00007fff04f58000 	C:\Program Files\Java\jre1.8.0_212\bin\npt.dll
0x00007ffefa940000 - 0x00007ffefa963000 	C:\Program Files\Java\jre1.8.0_212\bin\instrument.dll
0x00007ffefdbe0000 - 0x00007ffefdbf6000 	C:\Program Files\Java\jre1.8.0_212\bin\zip.dll
0x00007fff08d10000 - 0x00007fff09441000 	C:\WINDOWS\System32\SHELL32.dll
0x00007fff059e0000 - 0x00007fff0616a000 	C:\WINDOWS\SYSTEM32\windows.storage.dll
0x00007fff09d70000 - 0x00007fff0a0c4000 	C:\WINDOWS\System32\combase.dll
0x00007fff072f0000 - 0x00007fff0731b000 	C:\WINDOWS\SYSTEM32\Wldp.dll
0x00007fff08a50000 - 0x00007fff08afe000 	C:\WINDOWS\System32\SHCORE.dll
0x00007fff09450000 - 0x00007fff094a5000 	C:\WINDOWS\System32\shlwapi.dll
0x00007fff077b0000 - 0x00007fff077cf000 	C:\WINDOWS\SYSTEM32\profapi.dll
0x00007fff04f30000 - 0x00007fff04f39000 	C:\Program Files\Java\jre1.8.0_212\bin\dt_socket.dll
0x00007ffef11b0000 - 0x00007ffef11c7000 	C:\WINDOWS\system32\napinsp.dll
0x00007ffef1190000 - 0x00007ffef11ab000 	C:\WINDOWS\system32\pnrpnsp.dll
0x00007ffefa7f0000 - 0x00007ffefa805000 	C:\WINDOWS\system32\wshbth.dll
0x00007ffef92a0000 - 0x00007ffef92bd000 	C:\WINDOWS\system32\NLAapi.dll
0x00007fff06d10000 - 0x00007fff06d4b000 	C:\WINDOWS\SYSTEM32\IPHLPAPI.DLL
0x00007fff07070000 - 0x00007fff070da000 	C:\WINDOWS\System32\mswsock.dll
0x00007fff06d50000 - 0x00007fff06e1a000 	C:\WINDOWS\SYSTEM32\DNSAPI.dll
0x00007fff09d60000 - 0x00007fff09d69000 	C:\WINDOWS\System32\NSI.dll
0x00007ffef0fb0000 - 0x00007ffef0fc2000 	C:\WINDOWS\System32\winrnr.dll
0x00007ffef5b50000 - 0x00007ffef5bcf000 	C:\WINDOWS\System32\fwpuclnt.dll
0x00007fff07870000 - 0x00007fff07897000 	C:\WINDOWS\System32\bcrypt.dll
0x00007ffef86e0000 - 0x00007ffef86ea000 	C:\Windows\System32\rasadhlp.dll

VM Arguments:
jvm_args: -agentlib:jdwp=transport=dt_socket,suspend=y,address=localhost:52557 -javaagent:C:\Users\user\eclipse\jee-2019-06\eclipse\configuration\org.eclipse.osgi\411\0\.cp\lib\javaagent-shaded.jar -Dfile.encoding=UTF-8 
java_command: algorithm.sorting.quickSort.QuickSort
java_class_path (initial): C:\Users\user\git\Study\bin;C:\Users\user\eclipse\jee-2019-06\eclipse\configuration\org.eclipse.osgi\411\0\.cp\lib\javaagent-shaded.jar
Launcher Type: SUN_STANDARD

Environment Variables:
PATH=C:/Program Files/Java/jre1.8.0_212/bin/server;C:/Program Files/Java/jre1.8.0_212/bin;C:/Program Files/Java/jre1.8.0_212/lib/amd64;C:\Program Files (x86)\Common Files\Oracle\Java\javapath;"%JAVA_HOME%\bin;C:\Program Files (x86)\Common Files\Oracle\Java\javapath";C:\WINDOWS\system32;C:\WINDOWS;C:\WINDOWS\System32\Wbem;C:\WINDOWS\System32\WindowsPowerShell\v1.0\;%JAVA_HOME%\bin;C:\Program Files\PuTTY\;C:\WINDOWS\System32\OpenSSH\;C:\Program Files\Git\cmd;C:\Program Files\TortoiseSVN\bin;C:\Program Files\Microsoft SQL Server\Client SDK\ODBC\130\Tools\Binn\;C:\Program Files (x86)\Microsoft SQL Server\140\Tools\Binn\;C:\Program Files\Microsoft SQL Server\140\Tools\Binn\;C:\Program Files\Microsoft SQL Server\140\DTS\Binn\;C:\Users\user\AppData\Local\Microsoft\WindowsApps;C:\Program Files\Bandizip\;;C:\WINDOWS\system32;
USERNAME=user
OS=Windows_NT
PROCESSOR_IDENTIFIER=Intel64 Family 6 Model 78 Stepping 3, GenuineIntel



---------------  S Y S T E M  ---------------

OS: Windows 10.0 , 64 bit Build 19041 (10.0.19041.1)

CPU:total 4 (initial active 4) (2 cores per cpu, 2 threads per core) family 6 model 78 stepping 3, cmov, cx8, fxsr, mmx, sse, sse2, sse3, ssse3, sse4.1, sse4.2, popcnt, avx, avx2, aes, clmul, erms, 3dnowpref, lzcnt, ht, tsc, tscinvbit, bmi1, bmi2, adx

Memory: 4k page, physical 12486656k(3548348k free), swap 31361024k(10805364k free)

vm_info: Java HotSpot(TM) 64-Bit Server VM (25.212-b10) for windows-amd64 JRE (1.8.0_212-b10), built on Apr  1 2019 22:50:23 by "java_re" with MS VC++ 10.0 (VS2010)

time: Sat Dec 28 15:10:56 2019
timezone: 대한민국 표준시
elapsed time: 282 seconds (0d 0h 4m 42s)

